\BOOKMARK [0][-]{chapter.1}{Bevezeto}{}% 1
\BOOKMARK [0][-]{chapter.2}{Bibliogr\341fiai tanulm\341ny}{}% 2
\BOOKMARK [1][-]{section.2.1}{Robotok}{chapter.2}% 3
\BOOKMARK [1][-]{section.2.2}{Mobilis Robotok Helyv\341ltoztat\341sa}{chapter.2}% 4
\BOOKMARK [1][-]{section.2.3}{K\374lt\351ri mobilis robotok}{chapter.2}% 5
\BOOKMARK [1][-]{section.2.4}{Robot Oper\341ci\363s Rendszer}{chapter.2}% 6
\BOOKMARK [1][-]{section.2.5}{Mobilis robotok modellez\351se}{chapter.2}% 7
\BOOKMARK [2][-]{subsection.2.5.1}{Kinematikai Modell}{section.2.5}% 8
\BOOKMARK [2][-]{subsection.2.5.2}{Dinamikai Modell}{section.2.5}% 9
\BOOKMARK [2][-]{subsection.2.5.3}{Mesters\351ges Ero M\363dszere}{section.2.5}% 10
\BOOKMARK [2][-]{subsection.2.5.4}{Sebess\351g Szab\341lyz\341s}{section.2.5}% 11
\BOOKMARK [2][-]{subsection.2.5.5}{\332tvonal K\366vetes}{section.2.5}% 12
\BOOKMARK [0][-]{chapter.3}{A rendszer implement\341l\341sa}{}% 13
\BOOKMARK [1][-]{section.3.1}{Alacsony szintu modulok}{chapter.3}% 14
\BOOKMARK [2][-]{subsection.3.1.1}{FPGA alapu uart komunikacio}{section.3.1}% 15
\BOOKMARK [2][-]{subsection.3.1.2}{Paramterek FPGA modul}{section.3.1}% 16
\BOOKMARK [1][-]{section.3.2}{ROS}{chapter.3}% 17
\BOOKMARK [2][-]{subsection.3.2.1}{Uzenet tipusok \(.msg\)}{section.3.2}% 18
\BOOKMARK [2][-]{subsection.3.2.2}{FPGA komunikacios modul ROS oldali integracio}{section.3.2}% 19
\BOOKMARK [2][-]{subsection.3.2.3}{Eloirt \351rt\351kek}{section.3.2}% 20
\BOOKMARK [2][-]{subsection.3.2.4}{Vonatkoztat\341si Rendszerek }{section.3.2}% 21
\BOOKMARK [1][-]{section.3.3}{Kerekek Pid Szabalyzo hangolas}{chapter.3}% 22
\BOOKMARK [1][-]{section.3.4}{P\341lyak\366vettesi feladatok}{chapter.3}% 23
\BOOKMARK [1][-]{section.3.5}{Meresek}{chapter.3}% 24
\BOOKMARK [2][-]{subsection.3.5.1}{Differenci\341lis Forg\341s V\355zszintes Talajon}{section.3.5}% 25
\BOOKMARK [2][-]{subsection.3.5.2}{Feloldali kerekek blokolva kavicsos talajon}{section.3.5}% 26
\BOOKMARK [2][-]{subsection.3.5.3}{Kavicsos talajon helyben forg\341s}{section.3.5}% 27
\BOOKMARK [2][-]{subsection.3.5.4}{Kavicsos talajon korpalyan mozgas}{section.3.5}% 28
\BOOKMARK [2][-]{subsection.3.5.5}{Kavicsos talajon korpalyan 7 5}{section.3.5}% 29
\BOOKMARK [2][-]{subsection.3.5.6}{Korpalya 7 3 Kavicsos talajon}{section.3.5}% 30
\BOOKMARK [2][-]{subsection.3.5.7}{Homokos Lejto}{section.3.5}% 31
\BOOKMARK [2][-]{subsection.3.5.8}{Ismeretlen terep terkepezese es robot lokalzalasa \(SLAM\)}{section.3.5}% 32
\BOOKMARK [0][-]{chapter.4}{Eredm\351nyek Ki\351rt\351kel\351se}{}% 33
\BOOKMARK [1][-]{section.4.1}{Megval\363s\355t\341sok}{chapter.4}% 34
\BOOKMARK [1][-]{section.4.2}{Hasonl\363 rendszerekkel val\363 \366sszehasonl\355t\341s}{chapter.4}% 35
\BOOKMARK [1][-]{section.4.3}{Tov\341bbi fejleszt\351si ir\341nyok}{chapter.4}% 36
